[2023-12-23 09:47:44,976][flwr][INFO] - Starting Flower simulation, config: ServerConfig(num_rounds=2, round_timeout=None)
[2023-12-23 09:47:50,267][flwr][INFO] - Flower VCE: Ray initialized with resources: {'node:127.0.0.1': 1.0, 'object_store_memory': 2939749171.0, 'memory': 5879498343.0, 'accelerator_type:G': 1.0, 'GPU': 1.0, 'CPU': 12.0, 'node:__internal_head__': 1.0}
[2023-12-23 09:47:50,269][flwr][INFO] - Optimize your simulation with Flower VCE: https://flower.dev/docs/framework/how-to-run-simulations.html
[2023-12-23 09:47:50,271][flwr][INFO] - No `client_resources` specified. Using minimal resources for clients.
[2023-12-23 09:47:50,272][flwr][INFO] - Flower VCE: Resources for each Virtual Client: {'num_cpus': 1, 'num_gpus': 0.0}
[2023-12-23 09:47:50,289][flwr][INFO] - Flower VCE: Creating VirtualClientEngineActorPool with 12 actors
[2023-12-23 09:47:50,291][flwr][INFO] - Initializing global parameters
[2023-12-23 09:47:50,293][flwr][INFO] - Requesting initial parameters from one random client
[2023-12-23 09:47:56,447][flwr][INFO] - Received initial parameters from one random client
[2023-12-23 09:47:56,449][flwr][INFO] - Evaluating initial parameters
[2023-12-23 09:48:02,712][flwr][INFO] - initial parameters (loss, other metrics): 193.7616937160492, {'accuracy': 0.1024}
[2023-12-23 09:48:02,713][flwr][INFO] - FL starting
[2023-12-23 09:48:02,715][flwr][DEBUG] - fit_round 1: strategy sampled 5 clients (out of 100)
[2023-12-23 09:48:14,959][flwr][DEBUG] - fit_round 1 received 5 results and 0 failures
[2023-12-23 09:48:14,973][flwr][WARNING] - No fit_metrics_aggregation_fn provided
[2023-12-23 09:48:20,792][flwr][INFO] - fit progress: (1, 191.79023098945618, {'accuracy': 0.3115}, 18.0767351)
[2023-12-23 09:48:20,794][flwr][DEBUG] - evaluate_round 1: strategy sampled 10 clients (out of 100)
[2023-12-23 09:48:41,214][flwr][DEBUG] - evaluate_round 1 received 10 results and 0 failures
[2023-12-23 09:48:41,215][flwr][WARNING] - No evaluate_metrics_aggregation_fn provided
[2023-12-23 09:48:41,217][flwr][DEBUG] - fit_round 2: strategy sampled 5 clients (out of 100)
[2023-12-23 09:48:49,613][flwr][DEBUG] - fit_round 2 received 5 results and 0 failures
[2023-12-23 09:49:00,068][flwr][INFO] - fit progress: (2, 185.43113565444946, {'accuracy': 0.3829}, 57.353047600000004)
[2023-12-23 09:49:00,070][flwr][DEBUG] - evaluate_round 2: strategy sampled 10 clients (out of 100)
[2023-12-23 09:49:17,949][flwr][DEBUG] - evaluate_round 2 received 10 results and 0 failures
[2023-12-23 09:49:17,952][flwr][INFO] - FL finished in 75.2370042
[2023-12-23 09:49:17,956][flwr][INFO] - app_fit: losses_distributed [(1, 6.8396292448043825), (2, 6.613181686401367)]
[2023-12-23 09:49:17,957][flwr][INFO] - app_fit: metrics_distributed_fit {}
[2023-12-23 09:49:17,958][flwr][INFO] - app_fit: metrics_distributed {}
[2023-12-23 09:49:17,959][flwr][INFO] - app_fit: losses_centralized [(0, 193.7616937160492), (1, 191.79023098945618), (2, 185.43113565444946)]
[2023-12-23 09:49:17,960][flwr][INFO] - app_fit: metrics_centralized {'accuracy': [(0, 0.1024), (1, 0.3115), (2, 0.3829)]}
