[2023-12-23 08:47:12,729][flwr][INFO] - Starting Flower simulation, config: ServerConfig(num_rounds=5, round_timeout=None)
[2023-12-23 08:47:16,903][flwr][INFO] - Flower VCE: Ray initialized with resources: {'accelerator_type:G': 1.0, 'node:127.0.0.1': 1.0, 'memory': 4341097268.0, 'object_store_memory': 2170548633.0, 'CPU': 12.0, 'GPU': 1.0, 'node:__internal_head__': 1.0}
[2023-12-23 08:47:16,904][flwr][INFO] - Optimize your simulation with Flower VCE: https://flower.dev/docs/framework/how-to-run-simulations.html
[2023-12-23 08:47:16,904][flwr][INFO] - No `client_resources` specified. Using minimal resources for clients.
[2023-12-23 08:47:16,905][flwr][INFO] - Flower VCE: Resources for each Virtual Client: {'num_cpus': 1, 'num_gpus': 0.0}
[2023-12-23 08:47:16,929][flwr][INFO] - Flower VCE: Creating VirtualClientEngineActorPool with 12 actors
[2023-12-23 08:47:16,933][flwr][INFO] - Initializing global parameters
[2023-12-23 08:47:16,934][flwr][INFO] - Requesting initial parameters from one random client
[2023-12-23 08:47:23,000][flwr][INFO] - Received initial parameters from one random client
[2023-12-23 08:47:23,001][flwr][INFO] - Evaluating initial parameters
[2023-12-23 08:47:28,107][flwr][ERROR] - 'Net' object has no attribute 'fc3'
[2023-12-23 08:47:28,111][flwr][ERROR] - Traceback (most recent call last):
  File "C:\Users\ASUS\anaconda3\envs\flower_tutorial\lib\site-packages\flwr\simulation\app.py", line 308, in start_simulation
    hist = run_fl(
  File "C:\Users\ASUS\anaconda3\envs\flower_tutorial\lib\site-packages\flwr\server\app.py", line 225, in run_fl
    hist = server.fit(num_rounds=config.num_rounds, timeout=config.round_timeout)
  File "C:\Users\ASUS\anaconda3\envs\flower_tutorial\lib\site-packages\flwr\server\server.py", line 92, in fit
    res = self.strategy.evaluate(0, parameters=self.parameters)
  File "C:\Users\ASUS\anaconda3\envs\flower_tutorial\lib\site-packages\flwr\server\strategy\fedavg.py", line 163, in evaluate
    eval_res = self.evaluate_fn(server_round, parameters_ndarrays, {})
  File "E:\PROJECTS_FOR_REFERRAL\FederatedLearningFlowerTutorial\server.py", line 36, in evaluate_fn
    loss, accuracy = test(model, testLoader, device)
  File "E:\PROJECTS_FOR_REFERRAL\FederatedLearningFlowerTutorial\model.py", line 50, in test
    outputs = net(images)
  File "C:\Users\ASUS\anaconda3\envs\flower_tutorial\lib\site-packages\torch\nn\modules\module.py", line 1518, in _wrapped_call_impl
    return self._call_impl(*args, **kwargs)
  File "C:\Users\ASUS\anaconda3\envs\flower_tutorial\lib\site-packages\torch\nn\modules\module.py", line 1527, in _call_impl
    return forward_call(*args, **kwargs)
  File "E:\PROJECTS_FOR_REFERRAL\FederatedLearningFlowerTutorial\model.py", line 23, in forward
    x = self.fc3(x)
  File "C:\Users\ASUS\anaconda3\envs\flower_tutorial\lib\site-packages\torch\nn\modules\module.py", line 1695, in __getattr__
    raise AttributeError(f"'{type(self).__name__}' object has no attribute '{name}'")
AttributeError: 'Net' object has no attribute 'fc3'

[2023-12-23 08:47:28,113][flwr][ERROR] - Your simulation crashed :(. This could be because of several reasons.The most common are: 
	 > Your system couldn't fit a single VirtualClient: try lowering `client_resources`.
	 > All the actors in your pool crashed. This could be because: 
		 - You clients hit an out-of-memory (OOM) error and actors couldn't recover from it. Try launching your simulation with more generous `client_resources` setting (i.e. it seems {'num_cpus': 1, 'num_gpus': 0.0} is not enough for your workload). Use fewer concurrent actors. 
		 - You were running a multi-node simulation and all worker nodes disconnected. The head node might still be alive but cannot accommodate any actor with resources: {'num_cpus': 1, 'num_gpus': 0.0}.
