[2023-12-23 08:49:22,711][flwr][INFO] - Starting Flower simulation, config: ServerConfig(num_rounds=5, round_timeout=None)
[2023-12-23 08:49:26,862][flwr][INFO] - Flower VCE: Ray initialized with resources: {'memory': 4306314855.0, 'object_store_memory': 2153157427.0, 'node:127.0.0.1': 1.0, 'CPU': 12.0, 'node:__internal_head__': 1.0, 'GPU': 1.0, 'accelerator_type:G': 1.0}
[2023-12-23 08:49:26,863][flwr][INFO] - Optimize your simulation with Flower VCE: https://flower.dev/docs/framework/how-to-run-simulations.html
[2023-12-23 08:49:26,863][flwr][INFO] - No `client_resources` specified. Using minimal resources for clients.
[2023-12-23 08:49:26,863][flwr][INFO] - Flower VCE: Resources for each Virtual Client: {'num_cpus': 1, 'num_gpus': 0.0}
[2023-12-23 08:49:26,883][flwr][INFO] - Flower VCE: Creating VirtualClientEngineActorPool with 12 actors
[2023-12-23 08:49:26,884][flwr][INFO] - Initializing global parameters
[2023-12-23 08:49:26,885][flwr][INFO] - Requesting initial parameters from one random client
[2023-12-23 08:49:32,733][flwr][INFO] - Received initial parameters from one random client
[2023-12-23 08:49:32,734][flwr][INFO] - Evaluating initial parameters
[2023-12-23 08:49:38,718][flwr][INFO] - initial parameters (loss, other metrics): 193.49310111999512, {'accuracy': 0.099}
[2023-12-23 08:49:38,720][flwr][INFO] - FL starting
[2023-12-23 08:49:38,722][flwr][DEBUG] - fit_round 1: strategy sampled 10 clients (out of 100)
[2023-12-23 08:50:01,179][flwr][DEBUG] - fit_round 1 received 10 results and 0 failures
[2023-12-23 08:50:01,214][flwr][WARNING] - No fit_metrics_aggregation_fn provided
[2023-12-23 08:50:08,586][flwr][INFO] - fit progress: (1, 188.89383506774902, {'accuracy': 0.2483}, 29.863980100000003)
[2023-12-23 08:50:08,591][flwr][DEBUG] - evaluate_round 1: strategy sampled 25 clients (out of 100)
[2023-12-23 08:50:52,298][flwr][DEBUG] - evaluate_round 1 received 25 results and 0 failures
[2023-12-23 08:50:52,299][flwr][WARNING] - No evaluate_metrics_aggregation_fn provided
[2023-12-23 08:50:52,302][flwr][DEBUG] - fit_round 2: strategy sampled 10 clients (out of 100)
[2023-12-23 08:51:09,522][flwr][DEBUG] - fit_round 2 received 10 results and 0 failures
[2023-12-23 08:51:15,797][flwr][INFO] - fit progress: (2, 156.03871893882751, {'accuracy': 0.5275}, 97.0743104)
[2023-12-23 08:51:15,798][flwr][DEBUG] - evaluate_round 2: strategy sampled 25 clients (out of 100)
[2023-12-23 08:51:55,576][flwr][DEBUG] - evaluate_round 2 received 25 results and 0 failures
[2023-12-23 08:51:55,578][flwr][DEBUG] - fit_round 3: strategy sampled 10 clients (out of 100)
[2023-12-23 08:52:13,826][flwr][DEBUG] - fit_round 3 received 10 results and 0 failures
[2023-12-23 08:52:20,386][flwr][INFO] - fit progress: (3, 65.70992621779442, {'accuracy': 0.7486}, 161.6633182)
[2023-12-23 08:52:20,387][flwr][DEBUG] - evaluate_round 3: strategy sampled 25 clients (out of 100)
[2023-12-23 08:52:59,975][flwr][DEBUG] - evaluate_round 3 received 25 results and 0 failures
[2023-12-23 08:52:59,977][flwr][DEBUG] - fit_round 4: strategy sampled 10 clients (out of 100)
[2023-12-23 08:53:16,775][flwr][DEBUG] - fit_round 4 received 10 results and 0 failures
[2023-12-23 08:53:22,790][flwr][INFO] - fit progress: (4, 46.95948928594589, {'accuracy': 0.8477}, 224.0672014)
[2023-12-23 08:53:22,791][flwr][DEBUG] - evaluate_round 4: strategy sampled 25 clients (out of 100)
[2023-12-23 08:54:07,295][flwr][DEBUG] - evaluate_round 4 received 25 results and 0 failures
[2023-12-23 08:54:07,297][flwr][DEBUG] - fit_round 5: strategy sampled 10 clients (out of 100)
[2023-12-23 08:54:24,771][flwr][DEBUG] - fit_round 5 received 10 results and 0 failures
[2023-12-23 08:54:30,932][flwr][INFO] - fit progress: (5, 36.96989446878433, {'accuracy': 0.8789}, 292.2093851)
[2023-12-23 08:54:30,933][flwr][DEBUG] - evaluate_round 5: strategy sampled 25 clients (out of 100)
[2023-12-23 08:55:14,562][flwr][DEBUG] - evaluate_round 5 received 25 results and 0 failures
[2023-12-23 08:55:14,564][flwr][INFO] - FL finished in 335.8412545
[2023-12-23 08:55:14,573][flwr][INFO] - app_fit: losses_distributed [(1, 6.756960916519165), (2, 5.611673994064331), (3, 2.4150467777252196), (4, 1.8003758871555329), (5, 1.4502284848690032)]
[2023-12-23 08:55:14,574][flwr][INFO] - app_fit: metrics_distributed_fit {}
[2023-12-23 08:55:14,575][flwr][INFO] - app_fit: metrics_distributed {}
[2023-12-23 08:55:14,576][flwr][INFO] - app_fit: losses_centralized [(0, 193.49310111999512), (1, 188.89383506774902), (2, 156.03871893882751), (3, 65.70992621779442), (4, 46.95948928594589), (5, 36.96989446878433)]
[2023-12-23 08:55:14,577][flwr][INFO] - app_fit: metrics_centralized {'accuracy': [(0, 0.099), (1, 0.2483), (2, 0.5275), (3, 0.7486), (4, 0.8477), (5, 0.8789)]}
