[2023-12-23 10:07:51,088][flwr][INFO] - Starting Flower simulation, config: ServerConfig(num_rounds=10, round_timeout=None)
[2023-12-23 10:07:56,061][flwr][INFO] - Flower VCE: Ray initialized with resources: {'accelerator_type:G': 1.0, 'node:127.0.0.1': 1.0, 'object_store_memory': 2932467302.0, 'memory': 5864934606.0, 'GPU': 1.0, 'node:__internal_head__': 1.0, 'CPU': 12.0}
[2023-12-23 10:07:56,061][flwr][INFO] - Optimize your simulation with Flower VCE: https://flower.dev/docs/framework/how-to-run-simulations.html
[2023-12-23 10:07:56,062][flwr][INFO] - Flower VCE: Resources for each Virtual Client: {'num_cpus': 2, 'num_gpus': 0.5}
[2023-12-23 10:07:56,072][flwr][INFO] - Flower VCE: Creating VirtualClientEngineActorPool with 2 actors
[2023-12-23 10:07:56,073][flwr][INFO] - Initializing global parameters
[2023-12-23 10:07:56,074][flwr][INFO] - Requesting initial parameters from one random client
[2023-12-23 10:08:00,866][flwr][INFO] - Received initial parameters from one random client
[2023-12-23 10:08:00,867][flwr][INFO] - Evaluating initial parameters
[2023-12-23 10:08:07,276][flwr][INFO] - initial parameters (loss, other metrics): 193.33614039421082, {'accuracy': 0.1444}
[2023-12-23 10:08:07,278][flwr][INFO] - FL starting
[2023-12-23 10:08:07,280][flwr][DEBUG] - fit_round 1: strategy sampled 10 clients (out of 100)
[2023-12-23 10:08:37,593][flwr][DEBUG] - fit_round 1 received 10 results and 0 failures
[2023-12-23 10:08:37,630][flwr][WARNING] - No fit_metrics_aggregation_fn provided
[2023-12-23 10:08:43,610][flwr][INFO] - fit progress: (1, 190.64238142967224, {'accuracy': 0.329}, 36.3306102)
[2023-12-23 10:08:43,612][flwr][DEBUG] - evaluate_round 1: strategy sampled 10 clients (out of 100)
[2023-12-23 10:09:10,280][flwr][DEBUG] - evaluate_round 1 received 10 results and 0 failures
[2023-12-23 10:09:10,282][flwr][WARNING] - No evaluate_metrics_aggregation_fn provided
[2023-12-23 10:09:10,283][flwr][DEBUG] - fit_round 2: strategy sampled 10 clients (out of 100)
[2023-12-23 10:09:38,998][flwr][DEBUG] - fit_round 2 received 10 results and 0 failures
[2023-12-23 10:09:45,754][flwr][INFO] - fit progress: (2, 176.5150761604309, {'accuracy': 0.4776}, 98.4744628)
[2023-12-23 10:09:45,756][flwr][DEBUG] - evaluate_round 2: strategy sampled 10 clients (out of 100)
[2023-12-23 10:10:14,039][flwr][DEBUG] - evaluate_round 2 received 10 results and 0 failures
[2023-12-23 10:10:14,041][flwr][DEBUG] - fit_round 3: strategy sampled 10 clients (out of 100)
[2023-12-23 10:10:43,263][flwr][DEBUG] - fit_round 3 received 10 results and 0 failures
[2023-12-23 10:10:49,546][flwr][INFO] - fit progress: (3, 68.29301273822784, {'accuracy': 0.7482}, 162.2668415)
[2023-12-23 10:10:49,548][flwr][DEBUG] - evaluate_round 3: strategy sampled 10 clients (out of 100)
[2023-12-23 10:11:18,249][flwr][DEBUG] - evaluate_round 3 received 10 results and 0 failures
[2023-12-23 10:11:18,253][flwr][DEBUG] - fit_round 4: strategy sampled 10 clients (out of 100)
[2023-12-23 10:11:48,899][flwr][DEBUG] - fit_round 4 received 10 results and 0 failures
[2023-12-23 10:11:55,369][flwr][INFO] - fit progress: (4, 47.884196400642395, {'accuracy': 0.8272}, 228.08893)
[2023-12-23 10:11:55,371][flwr][DEBUG] - evaluate_round 4: strategy sampled 10 clients (out of 100)
[2023-12-23 10:12:23,347][flwr][DEBUG] - evaluate_round 4 received 10 results and 0 failures
[2023-12-23 10:12:23,350][flwr][DEBUG] - fit_round 5: strategy sampled 10 clients (out of 100)
[2023-12-23 10:12:52,398][flwr][DEBUG] - fit_round 5 received 10 results and 0 failures
[2023-12-23 10:12:59,161][flwr][INFO] - fit progress: (5, 35.62212744355202, {'accuracy': 0.8871}, 291.8805502)
[2023-12-23 10:12:59,163][flwr][DEBUG] - evaluate_round 5: strategy sampled 10 clients (out of 100)
[2023-12-23 10:13:27,271][flwr][DEBUG] - evaluate_round 5 received 10 results and 0 failures
[2023-12-23 10:13:27,273][flwr][DEBUG] - fit_round 6: strategy sampled 10 clients (out of 100)
[2023-12-23 10:13:57,787][flwr][DEBUG] - fit_round 6 received 10 results and 0 failures
[2023-12-23 10:14:03,891][flwr][INFO] - fit progress: (6, 29.559019699692726, {'accuracy': 0.8997}, 356.61094920000005)
[2023-12-23 10:14:03,893][flwr][DEBUG] - evaluate_round 6: strategy sampled 10 clients (out of 100)
[2023-12-23 10:14:31,553][flwr][DEBUG] - evaluate_round 6 received 10 results and 0 failures
[2023-12-23 10:14:31,555][flwr][DEBUG] - fit_round 7: strategy sampled 10 clients (out of 100)
[2023-12-23 10:15:00,581][flwr][DEBUG] - fit_round 7 received 10 results and 0 failures
[2023-12-23 10:15:07,299][flwr][INFO] - fit progress: (7, 21.601287096738815, {'accuracy': 0.9246}, 420.01935100000003)
[2023-12-23 10:15:07,301][flwr][DEBUG] - evaluate_round 7: strategy sampled 10 clients (out of 100)
[2023-12-23 10:15:36,599][flwr][DEBUG] - evaluate_round 7 received 10 results and 0 failures
[2023-12-23 10:15:36,602][flwr][DEBUG] - fit_round 8: strategy sampled 10 clients (out of 100)
[2023-12-23 10:16:07,981][flwr][DEBUG] - fit_round 8 received 10 results and 0 failures
[2023-12-23 10:16:14,052][flwr][INFO] - fit progress: (8, 22.00057254731655, {'accuracy': 0.9226}, 486.77155889999995)
[2023-12-23 10:16:14,054][flwr][DEBUG] - evaluate_round 8: strategy sampled 10 clients (out of 100)
[2023-12-23 10:16:46,915][flwr][DEBUG] - evaluate_round 8 received 10 results and 0 failures
[2023-12-23 10:16:46,917][flwr][DEBUG] - fit_round 9: strategy sampled 10 clients (out of 100)
[2023-12-23 10:17:15,812][flwr][DEBUG] - fit_round 9 received 10 results and 0 failures
[2023-12-23 10:17:21,911][flwr][INFO] - fit progress: (9, 17.2398916259408, {'accuracy': 0.9386}, 554.6314140999999)
[2023-12-23 10:17:21,912][flwr][DEBUG] - evaluate_round 9: strategy sampled 10 clients (out of 100)
[2023-12-23 10:17:50,639][flwr][DEBUG] - evaluate_round 9 received 10 results and 0 failures
[2023-12-23 10:17:50,641][flwr][DEBUG] - fit_round 10: strategy sampled 10 clients (out of 100)
[2023-12-23 10:18:18,825][flwr][DEBUG] - fit_round 10 received 10 results and 0 failures
[2023-12-23 10:18:25,395][flwr][INFO] - fit progress: (10, 15.304084699600935, {'accuracy': 0.9432}, 618.1149489)
[2023-12-23 10:18:25,397][flwr][DEBUG] - evaluate_round 10: strategy sampled 10 clients (out of 100)
[2023-12-23 10:18:52,723][flwr][DEBUG] - evaluate_round 10 received 10 results and 0 failures
[2023-12-23 10:18:52,725][flwr][INFO] - FL finished in 645.4451339
[2023-12-23 10:18:52,732][flwr][INFO] - app_fit: losses_distributed [(1, 6.820373153686523), (2, 6.291685891151428), (3, 2.453313934803009), (4, 1.9062878012657165), (5, 1.4219418585300445), (6, 1.1646882116794586), (7, 0.771325521171093), (8, 0.8895685570314527), (9, 0.6565782884135842), (10, 0.6867002107203006)]
[2023-12-23 10:18:52,734][flwr][INFO] - app_fit: metrics_distributed_fit {}
[2023-12-23 10:18:52,737][flwr][INFO] - app_fit: metrics_distributed {}
[2023-12-23 10:18:52,738][flwr][INFO] - app_fit: losses_centralized [(0, 193.33614039421082), (1, 190.64238142967224), (2, 176.5150761604309), (3, 68.29301273822784), (4, 47.884196400642395), (5, 35.62212744355202), (6, 29.559019699692726), (7, 21.601287096738815), (8, 22.00057254731655), (9, 17.2398916259408), (10, 15.304084699600935)]
[2023-12-23 10:18:52,746][flwr][INFO] - app_fit: metrics_centralized {'accuracy': [(0, 0.1444), (1, 0.329), (2, 0.4776), (3, 0.7482), (4, 0.8272), (5, 0.8871), (6, 0.8997), (7, 0.9246), (8, 0.9226), (9, 0.9386), (10, 0.9432)]}
